<?xml version="1.0" encoding="UTF-8"?>
<!-- Generated by org.testng.reporters.JUnitReportReporter -->
<testsuite hostname="HSC-F2WSJC2" failures="0" tests="1" name="com.herokuapp.theinternet.PositiveTests" time="23.775" errors="0" timestamp="29 Apr 2021 18:15:39 GMT" skipped="0">
  <testcase classname="com.herokuapp.theinternet.PositiveTests" name="loginTest" time="23.775"/>
</testsuite> <!-- com.herokuapp.theinternet.PositiveTests -->
