<?xml version="1.0" encoding="UTF-8"?>
<!-- Generated by org.testng.reporters.JUnitReportReporter -->
<testsuite hostname="HSC-F2WSJC2" failures="0" tests="1" name="com.herokuapp.theinternet.PositiveTests" time="22.202" errors="0" timestamp="30 Apr 2021 06:20:55 GMT" skipped="0">
  <testcase classname="com.herokuapp.theinternet.PositiveTests" name="loginTest" time="22.202"/>
</testsuite> <!-- com.herokuapp.theinternet.PositiveTests -->
