<?xml version="1.0" encoding="UTF-8"?>
<!-- Generated by org.testng.reporters.JUnitReportReporter -->
<testsuite hostname="HSC-F2WSJC2" failures="0" tests="2" name="com.herokuapp.theinternet.NegativeTests" time="49.059" errors="0" timestamp="30 Apr 2021 06:20:55 GMT" skipped="0">
  <testcase classname="com.herokuapp.theinternet.NegativeTests" name="incorrectUsernameTest" time="25.481"/>
  <testcase classname="com.herokuapp.theinternet.NegativeTests" name="incorrectPasswordTest" time="23.578"/>
</testsuite> <!-- com.herokuapp.theinternet.NegativeTests -->
